INFO  [Thread-5] 2021-10-27 18:57:33,153 repast.simphony.batch.ssh.LocalSession - Patient arrive
INFO  [Thread-5] 2021-10-27 18:57:33,153 repast.simphony.batch.ssh.LocalSession - Patient arrive
INFO  [Thread-5] 2021-10-27 18:57:33,153 repast.simphony.batch.ssh.LocalSession - Patient arrive
INFO  [Thread-5] 2021-10-27 18:57:33,153 repast.simphony.batch.ssh.LocalSession - Patient arrive
INFO  [Thread-5] 2021-10-27 18:57:33,153 repast.simphony.batch.ssh.LocalSession - Patient arrive
INFO  [Thread-5] 2021-10-27 18:57:33,153 repast.simphony.batch.ssh.LocalSession - Patient arrive
INFO  [Thread-5] 2021-10-27 18:57:33,153 repast.simphony.batch.ssh.LocalSession - Patient arrive
INFO  [Thread-5] 2021-10-27 18:57:33,153 repast.simphony.batch.ssh.LocalSession - Patient arrive
INFO  [Thread-5] 2021-10-27 18:57:33,163 repast.simphony.batch.ssh.LocalSession - Patient arrive
INFO  [Thread-5] 2021-10-27 18:57:33,163 repast.simphony.batch.ssh.LocalSession - Patient arrive
INFO  [Thread-5] 2021-10-27 18:57:33,163 repast.simphony.batch.ssh.LocalSession - Patient arrive
INFO  [Thread-5] 2021-10-27 18:57:33,163 repast.simphony.batch.ssh.LocalSession - Patient arrive
INFO  [Thread-5] 2021-10-27 18:57:33,163 repast.simphony.batch.ssh.LocalSession - Patient arrive
INFO  [Thread-5] 2021-10-27 18:57:33,163 repast.simphony.batch.ssh.LocalSession - Patient arrive
INFO  [Thread-5] 2021-10-27 18:57:33,163 repast.simphony.batch.ssh.LocalSession - Patient arrive
INFO  [Thread-5] 2021-10-27 18:57:33,163 repast.simphony.batch.ssh.LocalSession - Patient arrive
INFO  [Thread-5] 2021-10-27 18:57:33,163 repast.simphony.batch.ssh.LocalSession - Patient arrive
INFO  [Thread-5] 2021-10-27 18:57:33,163 repast.simphony.batch.ssh.LocalSession - Patient arrive
INFO  [Thread-5] 2021-10-27 18:57:33,163 repast.simphony.batch.ssh.LocalSession - Patient arrive
INFO  [Thread-5] 2021-10-27 18:57:33,163 repast.simphony.batch.ssh.LocalSession - Patient arrive
INFO  [Thread-5] 2021-10-27 18:57:33,163 repast.simphony.batch.ssh.LocalSession - Patient arrive
INFO  [Thread-5] 2021-10-27 18:57:33,163 repast.simphony.batch.ssh.LocalSession - Patient arrive
INFO  [Thread-5] 2021-10-27 18:57:33,163 repast.simphony.batch.ssh.LocalSession - Patient arrive
INFO  [Thread-5] 2021-10-27 18:57:33,163 repast.simphony.batch.ssh.LocalSession - Patient arrive
INFO  [Thread-5] 2021-10-27 18:57:33,163 repast.simphony.batch.ssh.LocalSession - Patient arrive
INFO  [Thread-5] 2021-10-27 18:57:33,163 repast.simphony.batch.ssh.LocalSession - Patient arrive
INFO  [Thread-5] 2021-10-27 18:57:33,163 repast.simphony.batch.ssh.LocalSession - Patient arrive
INFO  [Thread-5] 2021-10-27 18:57:33,163 repast.simphony.batch.ssh.LocalSession - Patient arrive
INFO  [Thread-5] 2021-10-27 18:57:33,163 repast.simphony.batch.ssh.LocalSession - Patient arrive
INFO  [Thread-5] 2021-10-27 18:57:33,163 repast.simphony.batch.ssh.LocalSession - Patient arrive
INFO  [Thread-5] 2021-10-27 18:57:33,163 repast.simphony.batch.ssh.LocalSession - Patient arrive
INFO  [Thread-5] 2021-10-27 18:57:33,163 repast.simphony.batch.ssh.LocalSession - Patient arrive
INFO  [Thread-5] 2021-10-27 18:57:33,163 repast.simphony.batch.ssh.LocalSession - Patient arrive
INFO  [Thread-5] 2021-10-27 18:57:33,163 repast.simphony.batch.ssh.LocalSession - Patient arrive
INFO  [Thread-5] 2021-10-27 18:57:33,163 repast.simphony.batch.ssh.LocalSession - Patient arrive
INFO  [Thread-5] 2021-10-27 18:57:33,163 repast.simphony.batch.ssh.LocalSession - Patient arrive
INFO  [Thread-5] 2021-10-27 18:57:33,163 repast.simphony.batch.ssh.LocalSession - Patient arrive
INFO  [Thread-5] 2021-10-27 18:57:33,163 repast.simphony.batch.ssh.LocalSession - Patient arrive
INFO  [Thread-5] 2021-10-27 18:57:33,163 repast.simphony.batch.ssh.LocalSession - Patient arrive
INFO  [Thread-5] 2021-10-27 18:57:33,163 repast.simphony.batch.ssh.LocalSession - Patient arrive
INFO  [Thread-5] 2021-10-27 18:57:33,163 repast.simphony.batch.ssh.LocalSession - Patient arrive
INFO  [Thread-5] 2021-10-27 18:57:33,163 repast.simphony.batch.ssh.LocalSession - Patient arrive
INFO  [Thread-5] 2021-10-27 18:57:33,164 repast.simphony.batch.ssh.LocalSession - Patient arrive
INFO  [Thread-5] 2021-10-27 18:57:33,164 repast.simphony.batch.ssh.LocalSession - Patient arrive
INFO  [Thread-5] 2021-10-27 18:57:33,164 repast.simphony.batch.ssh.LocalSession - Patient arrive
INFO  [Thread-5] 2021-10-27 18:57:33,164 repast.simphony.batch.ssh.LocalSession - Patient arrive
INFO  [Thread-5] 2021-10-27 18:57:33,164 repast.simphony.batch.ssh.LocalSession - Patient arrive
INFO  [Thread-5] 2021-10-27 18:57:33,164 repast.simphony.batch.ssh.LocalSession - Patient arrive
INFO  [Thread-5] 2021-10-27 18:57:33,164 repast.simphony.batch.ssh.LocalSession - Patient arrive
INFO  [Thread-5] 2021-10-27 18:57:33,164 repast.simphony.batch.ssh.LocalSession - Patient arrive
INFO  [Thread-5] 2021-10-27 18:57:33,164 repast.simphony.batch.ssh.LocalSession - Patient arrive
INFO  [Thread-5] 2021-10-27 18:57:33,164 repast.simphony.batch.ssh.LocalSession - Patient arrive
INFO  [Thread-5] 2021-10-27 18:57:33,164 repast.simphony.batch.ssh.LocalSession - Patient arrive
INFO  [Thread-5] 2021-10-27 18:57:33,164 repast.simphony.batch.ssh.LocalSession - Patient arrive
INFO  [Thread-5] 2021-10-27 18:57:33,164 repast.simphony.batch.ssh.LocalSession - Patient arrive
INFO  [Thread-5] 2021-10-27 18:57:33,164 repast.simphony.batch.ssh.LocalSession - Patient arrive
INFO  [Thread-5] 2021-10-27 18:57:33,164 repast.simphony.batch.ssh.LocalSession - Patient arrive
INFO  [Thread-5] 2021-10-27 18:57:33,164 repast.simphony.batch.ssh.LocalSession - Patient arrive
INFO  [Thread-5] 2021-10-27 18:57:33,164 repast.simphony.batch.ssh.LocalSession - Patient arrive
INFO  [Thread-5] 2021-10-27 18:57:33,164 repast.simphony.batch.ssh.LocalSession - Patient arrive
INFO  [Thread-5] 2021-10-27 18:57:33,164 repast.simphony.batch.ssh.LocalSession - Patient arrive
INFO  [Thread-5] 2021-10-27 18:57:33,164 repast.simphony.batch.ssh.LocalSession - Patient arrive
INFO  [Thread-5] 2021-10-27 18:57:33,164 repast.simphony.batch.ssh.LocalSession - Patient arrive
INFO  [Thread-5] 2021-10-27 18:57:33,164 repast.simphony.batch.ssh.LocalSession - Patient arrive
INFO  [Thread-5] 2021-10-27 18:57:33,164 repast.simphony.batch.ssh.LocalSession - Patient arrive
INFO  [Thread-5] 2021-10-27 18:57:33,164 repast.simphony.batch.ssh.LocalSession - Patient arrive
INFO  [Thread-5] 2021-10-27 18:57:33,164 repast.simphony.batch.ssh.LocalSession - Patient arrive
INFO  [Thread-5] 2021-10-27 18:57:33,164 repast.simphony.batch.ssh.LocalSession - Patient arrive
INFO  [Thread-5] 2021-10-27 18:57:33,164 repast.simphony.batch.ssh.LocalSession - Patient arrive
INFO  [Thread-5] 2021-10-27 18:57:33,164 repast.simphony.batch.ssh.LocalSession - Patient arrive
INFO  [Thread-5] 2021-10-27 18:57:33,164 repast.simphony.batch.ssh.LocalSession - Patient arrive
INFO  [Thread-5] 2021-10-27 18:57:33,164 repast.simphony.batch.ssh.LocalSession - Patient arrive
INFO  [Thread-5] 2021-10-27 18:57:33,164 repast.simphony.batch.ssh.LocalSession - Patient arrive
INFO  [Thread-5] 2021-10-27 18:57:33,164 repast.simphony.batch.ssh.LocalSession - Patient arrive
INFO  [Thread-5] 2021-10-27 18:57:33,164 repast.simphony.batch.ssh.LocalSession - Patient arrive
INFO  [Thread-5] 2021-10-27 18:57:33,164 repast.simphony.batch.ssh.LocalSession - Patient arrive
INFO  [Thread-5] 2021-10-27 18:57:33,164 repast.simphony.batch.ssh.LocalSession - Patient arrive
INFO  [Thread-5] 2021-10-27 18:57:33,164 repast.simphony.batch.ssh.LocalSession - Patient arrive
INFO  [Thread-5] 2021-10-27 18:57:33,164 repast.simphony.batch.ssh.LocalSession - Patient arrive
INFO  [Thread-5] 2021-10-27 18:57:33,164 repast.simphony.batch.ssh.LocalSession - Patient arrive
INFO  [Thread-5] 2021-10-27 18:57:33,164 repast.simphony.batch.ssh.LocalSession - Patient arrive
INFO  [Thread-5] 2021-10-27 18:57:33,164 repast.simphony.batch.ssh.LocalSession - Patient arrive
INFO  [Thread-5] 2021-10-27 18:57:33,164 repast.simphony.batch.ssh.LocalSession - Patient arrive
INFO  [Thread-5] 2021-10-27 18:57:33,164 repast.simphony.batch.ssh.LocalSession - Patient arrive
INFO  [Thread-5] 2021-10-27 18:57:33,164 repast.simphony.batch.ssh.LocalSession - Patient arrive
INFO  [Thread-5] 2021-10-27 18:57:33,164 repast.simphony.batch.ssh.LocalSession - Patient arrive
INFO  [Thread-5] 2021-10-27 18:57:33,164 repast.simphony.batch.ssh.LocalSession - Patient arrive
INFO  [Thread-5] 2021-10-27 18:57:33,164 repast.simphony.batch.ssh.LocalSession - Patient arrive
INFO  [Thread-5] 2021-10-27 18:57:33,164 repast.simphony.batch.ssh.LocalSession - Patient arrive
INFO  [Thread-5] 2021-10-27 18:57:33,164 repast.simphony.batch.ssh.LocalSession - Patient arrive
INFO  [Thread-5] 2021-10-27 18:57:33,164 repast.simphony.batch.ssh.LocalSession - Patient arrive
INFO  [Thread-5] 2021-10-27 18:57:33,164 repast.simphony.batch.ssh.LocalSession - Patient arrive
INFO  [Thread-5] 2021-10-27 18:57:33,164 repast.simphony.batch.ssh.LocalSession - Patient arrive
INFO  [Thread-5] 2021-10-27 18:57:33,164 repast.simphony.batch.ssh.LocalSession - Patient arrive
INFO  [Thread-5] 2021-10-27 18:57:33,164 repast.simphony.batch.ssh.LocalSession - Patient arrive
INFO  [Thread-5] 2021-10-27 18:57:33,164 repast.simphony.batch.ssh.LocalSession - Patient arrive
INFO  [Thread-5] 2021-10-27 18:57:33,164 repast.simphony.batch.ssh.LocalSession - Patient arrive
INFO  [Thread-5] 2021-10-27 18:57:33,164 repast.simphony.batch.ssh.LocalSession - Patient arrive
INFO  [Thread-5] 2021-10-27 18:57:33,164 repast.simphony.batch.ssh.LocalSession - Patient arrive
INFO  [Thread-5] 2021-10-27 18:57:33,164 repast.simphony.batch.ssh.LocalSession - Patient arrive
INFO  [Thread-5] 2021-10-27 18:57:33,164 repast.simphony.batch.ssh.LocalSession - Patient arrive
INFO  [Thread-5] 2021-10-27 18:57:33,164 repast.simphony.batch.ssh.LocalSession - Patient arrive
INFO  [Thread-5] 2021-10-27 18:57:33,164 repast.simphony.batch.ssh.LocalSession - Patient arrive
INFO  [Thread-5] 2021-10-27 18:57:33,165 repast.simphony.batch.ssh.LocalSession - Patient arrive
INFO  [Thread-5] 2021-10-27 18:57:33,165 repast.simphony.batch.ssh.LocalSession - Patient arrive
INFO  [Thread-5] 2021-10-27 18:57:33,165 repast.simphony.batch.ssh.LocalSession - Patient arrive
INFO  [Thread-5] 2021-10-27 18:57:33,165 repast.simphony.batch.ssh.LocalSession - Patient arrive
INFO  [Thread-5] 2021-10-27 18:57:33,165 repast.simphony.batch.ssh.LocalSession - Patient arrive
INFO  [Thread-5] 2021-10-27 18:57:33,439 repast.simphony.batch.ssh.LocalSession - Patient arrive
INFO  [Thread-5] 2021-10-27 18:57:33,439 repast.simphony.batch.ssh.LocalSession - Patient arrive
INFO  [Thread-5] 2021-10-27 18:57:33,439 repast.simphony.batch.ssh.LocalSession - Patient arrive
INFO  [Thread-5] 2021-10-27 18:57:33,439 repast.simphony.batch.ssh.LocalSession - Patient arrive
INFO  [Thread-5] 2021-10-27 18:57:33,439 repast.simphony.batch.ssh.LocalSession - Patient arrive
INFO  [Thread-5] 2021-10-27 18:57:33,439 repast.simphony.batch.ssh.LocalSession - Patient arrive
INFO  [Thread-5] 2021-10-27 18:57:33,439 repast.simphony.batch.ssh.LocalSession - Patient arrive
INFO  [Thread-5] 2021-10-27 18:57:33,439 repast.simphony.batch.ssh.LocalSession - Patient arrive
INFO  [Thread-5] 2021-10-27 18:57:33,439 repast.simphony.batch.ssh.LocalSession - Patient arrive
INFO  [Thread-5] 2021-10-27 18:57:33,439 repast.simphony.batch.ssh.LocalSession - Patient arrive
INFO  [Thread-5] 2021-10-27 18:57:33,439 repast.simphony.batch.ssh.LocalSession - Patient arrive
INFO  [Thread-5] 2021-10-27 18:57:33,439 repast.simphony.batch.ssh.LocalSession - Patient arrive
INFO  [Thread-5] 2021-10-27 18:57:33,439 repast.simphony.batch.ssh.LocalSession - Patient arrive
INFO  [Thread-5] 2021-10-27 18:57:33,439 repast.simphony.batch.ssh.LocalSession - Patient arrive
INFO  [Thread-5] 2021-10-27 18:57:33,439 repast.simphony.batch.ssh.LocalSession - Patient arrive
INFO  [Thread-5] 2021-10-27 18:57:33,439 repast.simphony.batch.ssh.LocalSession - Patient arrive
INFO  [Thread-5] 2021-10-27 18:57:33,439 repast.simphony.batch.ssh.LocalSession - Patient arrive
INFO  [Thread-5] 2021-10-27 18:57:33,439 repast.simphony.batch.ssh.LocalSession - Patient arrive
INFO  [Thread-5] 2021-10-27 18:57:33,439 repast.simphony.batch.ssh.LocalSession - Patient arrive
INFO  [Thread-5] 2021-10-27 18:57:33,439 repast.simphony.batch.ssh.LocalSession - Patient arrive
INFO  [Thread-5] 2021-10-27 18:57:33,440 repast.simphony.batch.ssh.LocalSession - Patient arrive
INFO  [Thread-5] 2021-10-27 18:57:33,440 repast.simphony.batch.ssh.LocalSession - Patient arrive
INFO  [Thread-5] 2021-10-27 18:57:33,440 repast.simphony.batch.ssh.LocalSession - Patient arrive
INFO  [Thread-5] 2021-10-27 18:57:33,440 repast.simphony.batch.ssh.LocalSession - Patient arrive
INFO  [Thread-5] 2021-10-27 18:57:33,440 repast.simphony.batch.ssh.LocalSession - Patient arrive
INFO  [Thread-5] 2021-10-27 18:57:33,440 repast.simphony.batch.ssh.LocalSession - Patient arrive
INFO  [Thread-5] 2021-10-27 18:57:33,440 repast.simphony.batch.ssh.LocalSession - Patient arrive
INFO  [Thread-5] 2021-10-27 18:57:33,440 repast.simphony.batch.ssh.LocalSession - Patient arrive
INFO  [Thread-5] 2021-10-27 18:57:33,440 repast.simphony.batch.ssh.LocalSession - Patient arrive
INFO  [Thread-5] 2021-10-27 18:57:33,440 repast.simphony.batch.ssh.LocalSession - Patient arrive
INFO  [Thread-5] 2021-10-27 18:57:33,440 repast.simphony.batch.ssh.LocalSession - Patient arrive
INFO  [Thread-5] 2021-10-27 18:57:33,440 repast.simphony.batch.ssh.LocalSession - Patient arrive
INFO  [Thread-5] 2021-10-27 18:57:33,440 repast.simphony.batch.ssh.LocalSession - Patient arrive
INFO  [Thread-5] 2021-10-27 18:57:33,440 repast.simphony.batch.ssh.LocalSession - Patient arrive
INFO  [Thread-5] 2021-10-27 18:57:33,440 repast.simphony.batch.ssh.LocalSession - Patient arrive
INFO  [Thread-5] 2021-10-27 18:57:33,440 repast.simphony.batch.ssh.LocalSession - Patient arrive
INFO  [Thread-5] 2021-10-27 18:57:33,440 repast.simphony.batch.ssh.LocalSession - Patient arrive
INFO  [Thread-5] 2021-10-27 18:57:33,440 repast.simphony.batch.ssh.LocalSession - Patient arrive
INFO  [Thread-5] 2021-10-27 18:57:33,440 repast.simphony.batch.ssh.LocalSession - Patient arrive
INFO  [Thread-5] 2021-10-27 18:57:33,440 repast.simphony.batch.ssh.LocalSession - Patient arrive
INFO  [Thread-5] 2021-10-27 18:57:33,440 repast.simphony.batch.ssh.LocalSession - Patient arrive
INFO  [Thread-5] 2021-10-27 18:57:33,440 repast.simphony.batch.ssh.LocalSession - Patient arrive
INFO  [Thread-5] 2021-10-27 18:57:33,440 repast.simphony.batch.ssh.LocalSession - Patient arrive
INFO  [Thread-5] 2021-10-27 18:57:33,440 repast.simphony.batch.ssh.LocalSession - Patient arrive
INFO  [Thread-5] 2021-10-27 18:57:33,440 repast.simphony.batch.ssh.LocalSession - Patient arrive
INFO  [Thread-5] 2021-10-27 18:57:34,618 repast.simphony.batch.ssh.LocalSession - Patient arrive
INFO  [Thread-5] 2021-10-27 18:57:34,618 repast.simphony.batch.ssh.LocalSession - Patient arrive
INFO  [Thread-5] 2021-10-27 18:57:34,618 repast.simphony.batch.ssh.LocalSession - Patient arrive
INFO  [Thread-5] 2021-10-27 18:57:34,618 repast.simphony.batch.ssh.LocalSession - Patient arrive
INFO  [Thread-5] 2021-10-27 18:57:34,618 repast.simphony.batch.ssh.LocalSession - Patient arrive
INFO  [Thread-5] 2021-10-27 18:57:34,618 repast.simphony.batch.ssh.LocalSession - Patient arrive
INFO  [Thread-5] 2021-10-27 18:57:34,618 repast.simphony.batch.ssh.LocalSession - Patient arrive
INFO  [Thread-5] 2021-10-27 18:57:34,618 repast.simphony.batch.ssh.LocalSession - Patient arrive
INFO  [Thread-5] 2021-10-27 18:57:34,618 repast.simphony.batch.ssh.LocalSession - Patient arrive
INFO  [Thread-5] 2021-10-27 18:57:34,618 repast.simphony.batch.ssh.LocalSession - Patient arrive
INFO  [Thread-5] 2021-10-27 18:57:34,618 repast.simphony.batch.ssh.LocalSession - Patient arrive
INFO  [Thread-5] 2021-10-27 18:57:34,618 repast.simphony.batch.ssh.LocalSession - Patient arrive
INFO  [Thread-5] 2021-10-27 18:57:34,618 repast.simphony.batch.ssh.LocalSession - Patient arrive
INFO  [Thread-5] 2021-10-27 18:57:34,618 repast.simphony.batch.ssh.LocalSession - Patient arrive
INFO  [Thread-5] 2021-10-27 18:57:34,618 repast.simphony.batch.ssh.LocalSession - Patient arrive
INFO  [Thread-5] 2021-10-27 18:57:34,618 repast.simphony.batch.ssh.LocalSession - Patient arrive
INFO  [Thread-5] 2021-10-27 18:57:34,618 repast.simphony.batch.ssh.LocalSession - Patient arrive
INFO  [Thread-5] 2021-10-27 18:57:34,618 repast.simphony.batch.ssh.LocalSession - Patient arrive
INFO  [Thread-5] 2021-10-27 18:57:34,618 repast.simphony.batch.ssh.LocalSession - Patient arrive
INFO  [Thread-5] 2021-10-27 18:57:34,619 repast.simphony.batch.ssh.LocalSession - Patient arrive
INFO  [Thread-5] 2021-10-27 18:57:34,619 repast.simphony.batch.ssh.LocalSession - Patient arrive
INFO  [Thread-5] 2021-10-27 18:57:34,619 repast.simphony.batch.ssh.LocalSession - Patient arrive
INFO  [Thread-5] 2021-10-27 18:57:34,619 repast.simphony.batch.ssh.LocalSession - Patient arrive
INFO  [Thread-5] 2021-10-27 18:57:34,619 repast.simphony.batch.ssh.LocalSession - Patient arrive
INFO  [Thread-5] 2021-10-27 18:57:34,619 repast.simphony.batch.ssh.LocalSession - Patient arrive
INFO  [Thread-5] 2021-10-27 18:57:34,619 repast.simphony.batch.ssh.LocalSession - Patient arrive
INFO  [Thread-5] 2021-10-27 18:57:34,619 repast.simphony.batch.ssh.LocalSession - Patient arrive
INFO  [Thread-5] 2021-10-27 18:57:34,619 repast.simphony.batch.ssh.LocalSession - Patient arrive
INFO  [Thread-5] 2021-10-27 18:57:34,619 repast.simphony.batch.ssh.LocalSession - Patient arrive
INFO  [Thread-5] 2021-10-27 18:57:34,619 repast.simphony.batch.ssh.LocalSession - Patient arrive
INFO  [Thread-5] 2021-10-27 18:57:34,619 repast.simphony.batch.ssh.LocalSession - Patient arrive
INFO  [Thread-5] 2021-10-27 18:57:34,619 repast.simphony.batch.ssh.LocalSession - Patient arrive
INFO  [Thread-5] 2021-10-27 18:57:34,619 repast.simphony.batch.ssh.LocalSession - Patient arrive
INFO  [Thread-5] 2021-10-27 18:57:35,412 repast.simphony.batch.ssh.LocalSession - Patient arrive
INFO  [Thread-5] 2021-10-27 18:57:35,412 repast.simphony.batch.ssh.LocalSession - Patient arrive
INFO  [Thread-5] 2021-10-27 18:57:35,413 repast.simphony.batch.ssh.LocalSession - Patient arrive
INFO  [Thread-5] 2021-10-27 18:57:35,413 repast.simphony.batch.ssh.LocalSession - Patient arrive
INFO  [Thread-5] 2021-10-27 18:57:35,413 repast.simphony.batch.ssh.LocalSession - Patient arrive
INFO  [Thread-5] 2021-10-27 18:57:35,413 repast.simphony.batch.ssh.LocalSession - Patient arrive
INFO  [Thread-5] 2021-10-27 18:57:35,413 repast.simphony.batch.ssh.LocalSession - Patient arrive
INFO  [Thread-5] 2021-10-27 18:57:35,413 repast.simphony.batch.ssh.LocalSession - Patient arrive
INFO  [Thread-5] 2021-10-27 18:57:35,413 repast.simphony.batch.ssh.LocalSession - Patient arrive
INFO  [Thread-5] 2021-10-27 18:57:35,413 repast.simphony.batch.ssh.LocalSession - Patient arrive
INFO  [Thread-5] 2021-10-27 18:57:35,413 repast.simphony.batch.ssh.LocalSession - Patient arrive
INFO  [Thread-5] 2021-10-27 18:57:35,413 repast.simphony.batch.ssh.LocalSession - Patient arrive
INFO  [Thread-5] 2021-10-27 18:57:35,413 repast.simphony.batch.ssh.LocalSession - Patient arrive
INFO  [Thread-5] 2021-10-27 18:57:35,413 repast.simphony.batch.ssh.LocalSession - Patient arrive
INFO  [Thread-5] 2021-10-27 18:57:35,413 repast.simphony.batch.ssh.LocalSession - Patient arrive
INFO  [Thread-5] 2021-10-27 18:57:35,413 repast.simphony.batch.ssh.LocalSession - Patient arrive
INFO  [Thread-5] 2021-10-27 18:57:35,413 repast.simphony.batch.ssh.LocalSession - Patient arrive
INFO  [Thread-5] 2021-10-27 18:57:35,413 repast.simphony.batch.ssh.LocalSession - Patient arrive
INFO  [Thread-5] 2021-10-27 18:57:35,413 repast.simphony.batch.ssh.LocalSession - Patient arrive
INFO  [Thread-5] 2021-10-27 18:57:35,413 repast.simphony.batch.ssh.LocalSession - Patient arrive
INFO  [Thread-5] 2021-10-27 18:57:35,413 repast.simphony.batch.ssh.LocalSession - Patient arrive
INFO  [Thread-5] 2021-10-27 18:57:35,413 repast.simphony.batch.ssh.LocalSession - Patient arrive
INFO  [Thread-5] 2021-10-27 18:57:35,413 repast.simphony.batch.ssh.LocalSession - Patient arrive
INFO  [Thread-5] 2021-10-27 18:57:35,413 repast.simphony.batch.ssh.LocalSession - Patient arrive
INFO  [Thread-5] 2021-10-27 18:57:35,413 repast.simphony.batch.ssh.LocalSession - Patient arrive
INFO  [pool-8-thread-1] 2021-10-27 18:57:36,778 repast.simphony.batch.ssh.LocalDonePoller - Polled C:\Users\w2037451\AppData\Local\Temp\simphony_model_1635357272573 for DONE:  yes
INFO  [SwingWorker-pool-2-thread-6] 2021-10-27 18:57:36,791 repast.simphony.batch.ssh.SessionsDriver - Run Time: 3.0362
INFO  [SwingWorker-pool-2-thread-6] 2021-10-27 18:57:36,803 repast.simphony.batch.ssh.LocalSession - Finding output on localhost in C:\Users\w2037451\AppData\Local\Temp\simphony_model_1635357272573
WARN  [SwingWorker-pool-2-thread-6] 2021-10-27 18:57:36,806 repast.simphony.batch.ssh.OutputFinder - No model output found matching glob:{**\\,}patientDataOutput*.batch_param_map.txt in C:\Users\w2037451\AppData\Local\Temp\simphony_model_1635357272573\instance_1
WARN  [SwingWorker-pool-2-thread-6] 2021-10-27 18:57:36,806 repast.simphony.batch.ssh.OutputFinder - No model output found matching glob:{**\\,}patientDataOutput*.txt in C:\Users\w2037451\AppData\Local\Temp\simphony_model_1635357272573\instance_1
WARN  [SwingWorker-pool-2-thread-6] 2021-10-27 18:57:36,808 repast.simphony.batch.ssh.OutputFinder - No model output found matching glob:{**\\,}patientDataOutput*.batch_param_map.txt in C:\Users\w2037451\AppData\Local\Temp\simphony_model_1635357272573\instance_2
WARN  [SwingWorker-pool-2-thread-6] 2021-10-27 18:57:36,808 repast.simphony.batch.ssh.OutputFinder - No model output found matching glob:{**\\,}patientDataOutput*.txt in C:\Users\w2037451\AppData\Local\Temp\simphony_model_1635357272573\instance_2
INFO  [SwingWorker-pool-2-thread-6] 2021-10-27 18:57:36,808 repast.simphony.batch.ssh.SessionsDriver - Aggregating output into C:/Users/w2037451/Documents/HelloAgent/RepastProject/EDProject/output
INFO  [SwingWorker-pool-2-thread-6] 2021-10-27 18:57:36,827 repast.simphony.batch.ssh.SessionsDriver - Get Output Time: 0.0006
INFO  [SwingWorker-pool-2-thread-6] 2021-10-27 18:57:36,827 repast.simphony.batch.ssh.SessionsDriver - Finished. Elapsed Time: 3.0710
INFO  [AWT-EventQueue-0] 2021-10-27 23:51:11,742 repast.simphony.batch.gui.BatchConfigMediator - Writing batch run config file to: C:\Users\w2037451\Documents\HelloAgent\RepastProject\EDProject\output\config.props
INFO  [AWT-EventQueue-0] 2021-10-27 23:51:11,854 repast.simphony.batch.gui.BatchConfigMediator - Unrolling batch parameter file:
	C:\Users\w2037451\Documents\HelloAgent\RepastProject\EDProject\batch\batch_params.xml to
	C:\Users\w2037451\AppData\Local\Temp\unrolledParamFile.txt
INFO  [AWT-EventQueue-0] 2021-10-27 23:53:02,065 repast.simphony.batch.gui.BatchConfigMediator - Writing batch run config file to: C:\Users\w2037451\Documents\HelloAgent\RepastProject\EDProject\output\config.props
INFO  [AWT-EventQueue-0] 2021-10-27 23:53:02,153 repast.simphony.batch.gui.BatchConfigMediator - Unrolling batch parameter file:
	C:\Users\w2037451\Documents\HelloAgent\RepastProject\EDProject\batch\batch_params.xml to
	C:\Users\w2037451\AppData\Local\Temp\unrolledParamFile.txt
INFO  [AWT-EventQueue-0] 2021-10-28 00:04:15,384 repast.simphony.batch.gui.BatchConfigMediator - Writing batch run config file to: C:\Users\w2037451\Documents\HelloAgent\RepastProject\EDProject\output\config.props
INFO  [AWT-EventQueue-0] 2021-10-28 00:04:15,474 repast.simphony.batch.gui.BatchConfigMediator - Unrolling batch parameter file:
	C:\Users\w2037451\Documents\HelloAgent\RepastProject\EDProject\batch\batch_params.xml to
	C:\Users\w2037451\AppData\Local\Temp\unrolledParamFile.txt
INFO  [AWT-EventQueue-0] 2021-10-28 00:05:41,278 repast.simphony.batch.gui.BatchConfigMediator - Writing batch run config file to: C:\Users\w2037451\Documents\HelloAgent\RepastProject\EDProject\output\config.props
INFO  [AWT-EventQueue-0] 2021-10-28 00:05:41,335 repast.simphony.batch.gui.BatchConfigMediator - Unrolling batch parameter file:
	C:\Users\w2037451\Documents\HelloAgent\RepastProject\EDProject\batch\batch_params.xml to
	C:\Users\w2037451\AppData\Local\Temp\unrolledParamFile.txt
ERROR [SwingWorker-pool-2-thread-1] 2021-10-28 00:26:13,789 repast.simphony.batch.ssh.SessionsDriver - Error while preparing zip file for distributions
java.util.zip.ZipException: invalid entry size (expected 2669388000 but got 15554289888 bytes)
	at java.base/java.util.zip.ZipOutputStream.closeEntry(ZipOutputStream.java:263)
	at repast.simphony.batch.ssh.ModelArchiveConfigurator.configure(ModelArchiveConfigurator.java:58)
	at repast.simphony.batch.ssh.LocalSession.initModelArchive(LocalSession.java:284)
	at repast.simphony.batch.ssh.SessionsDriver.run(SessionsDriver.java:58)
	at repast.simphony.batch.gui.BatchConfigMediator$AntSessionRunner.doInBackground(BatchConfigMediator.java:481)
	at repast.simphony.batch.gui.BatchConfigMediator$AntSessionRunner.doInBackground(BatchConfigMediator.java:1)
	at java.desktop/javax.swing.SwingWorker$1.call(SwingWorker.java:304)
	at java.base/java.util.concurrent.FutureTask.run(FutureTask.java:264)
	at java.desktop/javax.swing.SwingWorker.run(SwingWorker.java:343)
	at java.base/java.util.concurrent.ThreadPoolExecutor.runWorker(ThreadPoolExecutor.java:1128)
	at java.base/java.util.concurrent.ThreadPoolExecutor$Worker.run(ThreadPoolExecutor.java:628)
	at java.base/java.lang.Thread.run(Thread.java:834)
INFO  [AWT-EventQueue-0] 2021-10-28 00:27:37,030 repast.simphony.batch.gui.BatchConfigMediator - Writing batch run config file to: C:\Users\w2037451\Documents\HelloAgent\RepastProject\EDProject\output\config.props
INFO  [AWT-EventQueue-0] 2021-10-28 00:27:37,039 repast.simphony.batch.gui.BatchConfigMediator - Unrolling batch parameter file:
	C:\Users\w2037451\Documents\HelloAgent\RepastProject\EDProject\batch\batch_params.xml to
	C:\Users\w2037451\AppData\Local\Temp\unrolledParamFile.txt
INFO  [AWT-EventQueue-0] 2021-10-28 00:30:28,911 repast.simphony.batch.gui.BatchConfigMediator - Writing batch run config file to: C:\Users\w2037451\Documents\HelloAgent\RepastProject\EDProject\output\config.props
INFO  [AWT-EventQueue-0] 2021-10-28 00:30:29,020 repast.simphony.batch.gui.BatchConfigMediator - Unrolling batch parameter file:
	C:\Users\w2037451\Documents\HelloAgent\RepastProject\EDProject\batch\batch_params.xml to
	C:\Users\w2037451\AppData\Local\Temp\unrolledParamFile.txt
ERROR [SwingWorker-pool-2-thread-1] 2021-10-28 00:50:19,824 repast.simphony.batch.ssh.SessionsDriver - Error while preparing zip file for distributions
java.util.zip.ZipException: invalid entry size (expected 2669388000 but got 15554289888 bytes)
	at java.base/java.util.zip.ZipOutputStream.closeEntry(ZipOutputStream.java:263)
	at repast.simphony.batch.ssh.ModelArchiveConfigurator.configure(ModelArchiveConfigurator.java:58)
	at repast.simphony.batch.ssh.LocalSession.initModelArchive(LocalSession.java:284)
	at repast.simphony.batch.ssh.SessionsDriver.run(SessionsDriver.java:58)
	at repast.simphony.batch.gui.BatchConfigMediator$AntSessionRunner.doInBackground(BatchConfigMediator.java:481)
	at repast.simphony.batch.gui.BatchConfigMediator$AntSessionRunner.doInBackground(BatchConfigMediator.java:1)
	at java.desktop/javax.swing.SwingWorker$1.call(SwingWorker.java:304)
	at java.base/java.util.concurrent.FutureTask.run(FutureTask.java:264)
	at java.desktop/javax.swing.SwingWorker.run(SwingWorker.java:343)
	at java.base/java.util.concurrent.ThreadPoolExecutor.runWorker(ThreadPoolExecutor.java:1128)
	at java.base/java.util.concurrent.ThreadPoolExecutor$Worker.run(ThreadPoolExecutor.java:628)
	at java.base/java.lang.Thread.run(Thread.java:834)
